<?xml version="1.0" encoding="UTF-8"?>
<testsuite name="org.ourhouse.backend.BackendApplicationTests" tests="1" skipped="0" failures="0" errors="0" timestamp="2024-04-05T03:25:39" hostname="seunghyeons-MacBook-Pro.local" time="0.727">
  <properties/>
  <testcase name="contextLoads()" classname="org.ourhouse.backend.BackendApplicationTests" time="0.727"/>
  <system-out><![CDATA[12:25:36.312 [Test worker] INFO org.springframework.test.context.support.AnnotationConfigContextLoaderUtils -- Could not detect default configuration classes for test class [org.ourhouse.backend.BackendApplicationTests]: BackendApplicationTests does not declare any static, non-private, non-final, nested classes annotated with @Configuration.
12:25:36.409 [Test worker] INFO org.springframework.boot.test.context.SpringBootTestContextBootstrapper -- Found @SpringBootConfiguration org.ourhouse.backend.BackendApplication for test class org.ourhouse.backend.BackendApplicationTests

  .   ____          _            __ _ _
 /\\ / ___'_ __ _ _(_)_ __  __ _ \ \ \ \
( ( )\___ | '_ | '_| | '_ \/ _` | \ \ \ \
 \\/  ___)| |_)| | | | | || (_| |  ) ) ) )
  '  |____| .__|_| |_|_| |_\__, | / / / /
 =========|_|==============|___/=/_/_/_/
 :: Spring Boot ::                (v3.2.4)

2024-04-05T12:25:36.842+09:00  INFO 46785 --- [    Test worker] o.o.backend.BackendApplicationTests      : Starting BackendApplicationTests using Java 21.0.2 with PID 46785 (started by seunghyeon in /Users/seunghyeon/Documents/code/project/ourhouse/backend/backend)
2024-04-05T12:25:36.843+09:00  INFO 46785 --- [    Test worker] o.o.backend.BackendApplicationTests      : No active profile set, falling back to 1 default profile: "default"
2024-04-05T12:25:37.316+09:00  INFO 46785 --- [    Test worker] .s.d.r.c.RepositoryConfigurationDelegate : Bootstrapping Spring Data JPA repositories in DEFAULT mode.
2024-04-05T12:25:37.331+09:00  INFO 46785 --- [    Test worker] .s.d.r.c.RepositoryConfigurationDelegate : Finished Spring Data repository scanning in 12 ms. Found 0 JPA repository interfaces.
2024-04-05T12:25:38.056+09:00  INFO 46785 --- [    Test worker] o.hibernate.jpa.internal.util.LogHelper  : HHH000204: Processing PersistenceUnitInfo [name: default]
2024-04-05T12:25:38.087+09:00  INFO 46785 --- [    Test worker] org.hibernate.Version                    : HHH000412: Hibernate ORM core version 6.4.4.Final
2024-04-05T12:25:38.110+09:00  INFO 46785 --- [    Test worker] o.h.c.internal.RegionFactoryInitiator    : HHH000026: Second-level cache disabled
2024-04-05T12:25:38.297+09:00  INFO 46785 --- [    Test worker] o.s.o.j.p.SpringPersistenceUnitInfo      : No LoadTimeWeaver setup: ignoring JPA class transformer
2024-04-05T12:25:38.324+09:00  INFO 46785 --- [    Test worker] com.zaxxer.hikari.HikariDataSource       : HikariPool-1 - Starting...
2024-04-05T12:25:39.004+09:00  INFO 46785 --- [    Test worker] com.zaxxer.hikari.pool.HikariPool        : HikariPool-1 - Added connection com.mysql.cj.jdbc.ConnectionImpl@7c5f29c6
2024-04-05T12:25:39.010+09:00  INFO 46785 --- [    Test worker] com.zaxxer.hikari.HikariDataSource       : HikariPool-1 - Start completed.
2024-04-05T12:25:39.396+09:00  INFO 46785 --- [    Test worker] o.h.e.t.j.p.i.JtaPlatformInitiator       : HHH000489: No JTA platform available (set 'hibernate.transaction.jta.platform' to enable JTA platform integration)
2024-04-05T12:25:39.400+09:00  INFO 46785 --- [    Test worker] j.LocalContainerEntityManagerFactoryBean : Initialized JPA EntityManagerFactory for persistence unit 'default'
2024-04-05T12:25:39.738+09:00  INFO 46785 --- [    Test worker] o.o.backend.BackendApplicationTests      : Started BackendApplicationTests in 3.211 seconds (process running for 4.371)
]]></system-out>
  <system-err><![CDATA[WARNING: A Java agent has been loaded dynamically (/Users/seunghyeon/.gradle/caches/modules-2/files-2.1/net.bytebuddy/byte-buddy-agent/1.14.12/be4984cb6fd1ef1d11f218a648889dfda44b8a15/byte-buddy-agent-1.14.12.jar)
WARNING: If a serviceability tool is in use, please run with -XX:+EnableDynamicAgentLoading to hide this warning
WARNING: If a serviceability tool is not in use, please run with -Djdk.instrument.traceUsage for more information
WARNING: Dynamic loading of agents will be disallowed by default in a future release
]]></system-err>
</testsuite>
